#! /usr/bin/vvp
:ivl_version "10.3 (stable)";
:ivl_delay_selection "TYPICAL";
:vpi_time_precision + 0;
:vpi_module "system";
:vpi_module "vhdl_sys";
:vpi_module "v2005_math";
:vpi_module "va_math";
S_0x564df669d400 .scope module, "TEST_BENCH" "TEST_BENCH" 2 1;
 .timescale 0 0;
v0x564df66d7850_0 .net "LdA", 0 0, v0x564df66932d0_0;  1 drivers
v0x564df66d7910_0 .net "LdB", 0 0, v0x564df6692cb0_0;  1 drivers
v0x564df66d79d0_0 .var "clk", 0 0;
v0x564df66d7a70_0 .var "data_in", 15 0;
v0x564df66d7b10_0 .net "done", 0 0, v0x564df66d3310_0;  1 drivers
v0x564df66d7c00_0 .net "eq", 0 0, L_0x564df66d8350;  1 drivers
v0x564df66d7ca0_0 .net "gt", 0 0, L_0x564df66d8220;  1 drivers
v0x564df66d7d40_0 .net "lt", 0 0, L_0x564df66d80f0;  1 drivers
v0x564df66d7de0_0 .net "sel1", 0 0, v0x564df66d3820_0;  1 drivers
v0x564df66d7f10_0 .net "sel2", 0 0, v0x564df66d38e0_0;  1 drivers
v0x564df66d7fb0_0 .net "sel_in", 0 0, v0x564df66d39a0_0;  1 drivers
v0x564df66d8050_0 .var "start", 0 0;
S_0x564df669d580 .scope module, "CNT" "CONTROLLER" 2 6, 3 1 0, S_0x564df669d400;
 .timescale 0 0;
    .port_info 0 /OUTPUT 1 "done"
    .port_info 1 /OUTPUT 1 "LdA"
    .port_info 2 /OUTPUT 1 "LdB"
    .port_info 3 /OUTPUT 1 "sel1"
    .port_info 4 /OUTPUT 1 "sel2"
    .port_info 5 /OUTPUT 1 "sel_in"
    .port_info 6 /INPUT 1 "start"
    .port_info 7 /INPUT 1 "lt"
    .port_info 8 /INPUT 1 "gt"
    .port_info 9 /INPUT 1 "eq"
    .port_info 10 /INPUT 1 "clk"
P_0x564df66a8a30 .param/l "S0" 0 3 4, +C4<00000000000000000000000000000000>;
P_0x564df66a8a70 .param/l "S1" 0 3 4, +C4<00000000000000000000000000000001>;
P_0x564df66a8ab0 .param/l "S2" 0 3 4, +C4<00000000000000000000000000000010>;
P_0x564df66a8af0 .param/l "S3" 0 3 4, +C4<00000000000000000000000000000011>;
P_0x564df66a8b30 .param/l "S4" 0 3 4, +C4<00000000000000000000000000000100>;
P_0x564df66a8b70 .param/l "S5" 0 3 4, +C4<00000000000000000000000000000101>;
v0x564df66932d0_0 .var "LdA", 0 0;
v0x564df6692cb0_0 .var "LdB", 0 0;
v0x564df66d3270_0 .net "clk", 0 0, v0x564df66d79d0_0;  1 drivers
v0x564df66d3310_0 .var "done", 0 0;
v0x564df66d33d0_0 .net "eq", 0 0, L_0x564df66d8350;  alias, 1 drivers
v0x564df66d34e0_0 .net "gt", 0 0, L_0x564df66d8220;  alias, 1 drivers
v0x564df66d35a0_0 .net "lt", 0 0, L_0x564df66d80f0;  alias, 1 drivers
v0x564df66d3660_0 .var "next_state", 2 0;
v0x564df66d3740_0 .var "present_state", 2 0;
v0x564df66d3820_0 .var "sel1", 0 0;
v0x564df66d38e0_0 .var "sel2", 0 0;
v0x564df66d39a0_0 .var "sel_in", 0 0;
v0x564df66d3a60_0 .net "start", 0 0, v0x564df66d8050_0;  1 drivers
E_0x564df669c8b0/0 .event edge, v0x564df66d33d0_0, v0x564df66d34e0_0, v0x564df66d35a0_0, v0x564df66d3a60_0;
E_0x564df669c8b0/1 .event edge, v0x564df66d3740_0;
E_0x564df669c8b0 .event/or E_0x564df669c8b0/0, E_0x564df669c8b0/1;
E_0x564df669c520 .event posedge, v0x564df66d3270_0;
S_0x564df66d3c80 .scope module, "DP" "DATAPATH" 2 5, 4 1 0, S_0x564df669d400;
 .timescale 0 0;
    .port_info 0 /OUTPUT 1 "lt"
    .port_info 1 /OUTPUT 1 "gt"
    .port_info 2 /OUTPUT 1 "eq"
    .port_info 3 /INPUT 16 "data_in"
    .port_info 4 /INPUT 1 "LdA"
    .port_info 5 /INPUT 1 "LdB"
    .port_info 6 /INPUT 1 "sel1"
    .port_info 7 /INPUT 1 "sel2"
    .port_info 8 /INPUT 1 "sel_in"
    .port_info 9 /INPUT 1 "clk"
v0x564df66d6970_0 .net "Aout", 15 0, v0x564df66d4310_0;  1 drivers
v0x564df66d6a30_0 .net "Bout", 15 0, v0x564df66d4900_0;  1 drivers
v0x564df66d6af0_0 .net "Bus", 15 0, v0x564df66d61b0_0;  1 drivers
v0x564df66d6bc0_0 .net "LdA", 0 0, v0x564df66932d0_0;  alias, 1 drivers
v0x564df66d6c60_0 .net "LdB", 0 0, v0x564df6692cb0_0;  alias, 1 drivers
v0x564df66d6d50_0 .net "clk", 0 0, v0x564df66d79d0_0;  alias, 1 drivers
v0x564df66d6df0_0 .net "data_in", 15 0, v0x564df66d7a70_0;  1 drivers
v0x564df66d6eb0_0 .net "eq", 0 0, L_0x564df66d8350;  alias, 1 drivers
v0x564df66d6fa0_0 .net "gt", 0 0, L_0x564df66d8220;  alias, 1 drivers
v0x564df66d7040_0 .net "lt", 0 0, L_0x564df66d80f0;  alias, 1 drivers
v0x564df66d7130_0 .net "sel1", 0 0, v0x564df66d3820_0;  alias, 1 drivers
v0x564df66d7220_0 .net "sel2", 0 0, v0x564df66d38e0_0;  alias, 1 drivers
v0x564df66d7310_0 .net "sel_in", 0 0, v0x564df66d39a0_0;  alias, 1 drivers
v0x564df66d7400_0 .net "sub_in1", 15 0, v0x564df66d55b0_0;  1 drivers
v0x564df66d74f0_0 .net "sub_in2", 15 0, v0x564df66d5ba0_0;  1 drivers
v0x564df66d7600_0 .net "sub_out", 15 0, v0x564df66d6830_0;  1 drivers
S_0x564df66d3f20 .scope module, "A" "PIPO" 4 7, 5 1 0, S_0x564df66d3c80;
 .timescale 0 0;
    .port_info 0 /OUTPUT 16 "out"
    .port_info 1 /INPUT 16 "in"
    .port_info 2 /INPUT 1 "load"
    .port_info 3 /INPUT 1 "clk"
v0x564df66d40f0_0 .net "clk", 0 0, v0x564df66d79d0_0;  alias, 1 drivers
v0x564df66d41b0_0 .net "in", 15 0, v0x564df66d61b0_0;  alias, 1 drivers
v0x564df66d4270_0 .net "load", 0 0, v0x564df66932d0_0;  alias, 1 drivers
v0x564df66d4310_0 .var "out", 15 0;
S_0x564df66d4460 .scope module, "B" "PIPO" 4 8, 5 1 0, S_0x564df66d3c80;
 .timescale 0 0;
    .port_info 0 /OUTPUT 16 "out"
    .port_info 1 /INPUT 16 "in"
    .port_info 2 /INPUT 1 "load"
    .port_info 3 /INPUT 1 "clk"
v0x564df66d4650_0 .net "clk", 0 0, v0x564df66d79d0_0;  alias, 1 drivers
v0x564df66d4740_0 .net "in", 15 0, v0x564df66d61b0_0;  alias, 1 drivers
v0x564df66d4800_0 .net "load", 0 0, v0x564df6692cb0_0;  alias, 1 drivers
v0x564df66d4900_0 .var "out", 15 0;
S_0x564df66d4a30 .scope module, "COMP" "COMPARATOR" 4 13, 6 1 0, S_0x564df66d3c80;
 .timescale 0 0;
    .port_info 0 /OUTPUT 1 "lt"
    .port_info 1 /OUTPUT 1 "gt"
    .port_info 2 /OUTPUT 1 "eq"
    .port_info 3 /INPUT 16 "in1"
    .port_info 4 /INPUT 16 "in2"
v0x564df66d4cb0_0 .net "eq", 0 0, L_0x564df66d8350;  alias, 1 drivers
v0x564df66d4d80_0 .net "gt", 0 0, L_0x564df66d8220;  alias, 1 drivers
v0x564df66d4e50_0 .net "in1", 15 0, v0x564df66d4310_0;  alias, 1 drivers
v0x564df66d4f50_0 .net "in2", 15 0, v0x564df66d4900_0;  alias, 1 drivers
v0x564df66d5020_0 .net "lt", 0 0, L_0x564df66d80f0;  alias, 1 drivers
L_0x564df66d80f0 .cmp/gt 16, v0x564df66d4900_0, v0x564df66d4310_0;
L_0x564df66d8220 .cmp/gt 16, v0x564df66d4310_0, v0x564df66d4900_0;
L_0x564df66d8350 .cmp/eq 16, v0x564df66d4310_0, v0x564df66d4900_0;
S_0x564df66d5160 .scope module, "MUX1" "MUX21" 4 9, 7 1 0, S_0x564df66d3c80;
 .timescale 0 0;
    .port_info 0 /OUTPUT 16 "out"
    .port_info 1 /INPUT 16 "in1"
    .port_info 2 /INPUT 16 "in2"
    .port_info 3 /INPUT 1 "sel"
v0x564df66d5370_0 .net "in1", 15 0, v0x564df66d4310_0;  alias, 1 drivers
v0x564df66d54a0_0 .net "in2", 15 0, v0x564df66d4900_0;  alias, 1 drivers
v0x564df66d55b0_0 .var "out", 15 0;
v0x564df66d5670_0 .net "sel", 0 0, v0x564df66d3820_0;  alias, 1 drivers
E_0x564df669c660 .event edge, v0x564df66d3820_0, v0x564df66d4900_0, v0x564df66d4310_0;
S_0x564df66d57a0 .scope module, "MUX2" "MUX21" 4 10, 7 1 0, S_0x564df66d3c80;
 .timescale 0 0;
    .port_info 0 /OUTPUT 16 "out"
    .port_info 1 /INPUT 16 "in1"
    .port_info 2 /INPUT 16 "in2"
    .port_info 3 /INPUT 1 "sel"
v0x564df66d5a00_0 .net "in1", 15 0, v0x564df66d4310_0;  alias, 1 drivers
v0x564df66d5ae0_0 .net "in2", 15 0, v0x564df66d4900_0;  alias, 1 drivers
v0x564df66d5ba0_0 .var "out", 15 0;
v0x564df66d5c60_0 .net "sel", 0 0, v0x564df66d38e0_0;  alias, 1 drivers
E_0x564df669c7a0 .event edge, v0x564df66d38e0_0, v0x564df66d4900_0, v0x564df66d4310_0;
S_0x564df66d5dc0 .scope module, "MUX_IN" "MUX21" 4 11, 7 1 0, S_0x564df66d3c80;
 .timescale 0 0;
    .port_info 0 /OUTPUT 16 "out"
    .port_info 1 /INPUT 16 "in1"
    .port_info 2 /INPUT 16 "in2"
    .port_info 3 /INPUT 1 "sel"
v0x564df66d5fd0_0 .net "in1", 15 0, v0x564df66d7a70_0;  alias, 1 drivers
v0x564df66d60d0_0 .net "in2", 15 0, v0x564df66d6830_0;  alias, 1 drivers
v0x564df66d61b0_0 .var "out", 15 0;
v0x564df66d62d0_0 .net "sel", 0 0, v0x564df66d39a0_0;  alias, 1 drivers
E_0x564df669be50 .event edge, v0x564df66d39a0_0, v0x564df66d60d0_0, v0x564df66d5fd0_0;
S_0x564df66d6400 .scope module, "SUB" "SUBTRACTOR" 4 12, 8 1 0, S_0x564df66d3c80;
 .timescale 0 0;
    .port_info 0 /OUTPUT 16 "out"
    .port_info 1 /INPUT 16 "in1"
    .port_info 2 /INPUT 16 "in2"
v0x564df66d6680_0 .net "in1", 15 0, v0x564df66d55b0_0;  alias, 1 drivers
v0x564df66d6760_0 .net "in2", 15 0, v0x564df66d5ba0_0;  alias, 1 drivers
v0x564df66d6830_0 .var "out", 15 0;
E_0x564df669c220 .event edge, v0x564df66d55b0_0, v0x564df66d5ba0_0;
    .scope S_0x564df66d3f20;
T_0 ;
    %wait E_0x564df669c520;
    %load/vec4 v0x564df66d4270_0;
    %flag_set/vec4 8;
    %jmp/0xz  T_0.0, 8;
    %load/vec4 v0x564df66d41b0_0;
    %assign/vec4 v0x564df66d4310_0, 0;
T_0.0 ;
    %jmp T_0;
    .thread T_0;
    .scope S_0x564df66d4460;
T_1 ;
    %wait E_0x564df669c520;
    %load/vec4 v0x564df66d4800_0;
    %flag_set/vec4 8;
    %jmp/0xz  T_1.0, 8;
    %load/vec4 v0x564df66d4740_0;
    %assign/vec4 v0x564df66d4900_0, 0;
T_1.0 ;
    %jmp T_1;
    .thread T_1;
    .scope S_0x564df66d5160;
T_2 ;
    %wait E_0x564df669c660;
    %load/vec4 v0x564df66d5670_0;
    %flag_set/vec4 8;
    %jmp/0xz  T_2.0, 8;
    %load/vec4 v0x564df66d54a0_0;
    %store/vec4 v0x564df66d55b0_0, 0, 16;
    %jmp T_2.1;
T_2.0 ;
    %load/vec4 v0x564df66d5370_0;
    %store/vec4 v0x564df66d55b0_0, 0, 16;
T_2.1 ;
    %jmp T_2;
    .thread T_2, $push;
    .scope S_0x564df66d57a0;
T_3 ;
    %wait E_0x564df669c7a0;
    %load/vec4 v0x564df66d5c60_0;
    %flag_set/vec4 8;
    %jmp/0xz  T_3.0, 8;
    %load/vec4 v0x564df66d5ae0_0;
    %store/vec4 v0x564df66d5ba0_0, 0, 16;
    %jmp T_3.1;
T_3.0 ;
    %load/vec4 v0x564df66d5a00_0;
    %store/vec4 v0x564df66d5ba0_0, 0, 16;
T_3.1 ;
    %jmp T_3;
    .thread T_3, $push;
    .scope S_0x564df66d5dc0;
T_4 ;
    %wait E_0x564df669be50;
    %load/vec4 v0x564df66d62d0_0;
    %flag_set/vec4 8;
    %jmp/0xz  T_4.0, 8;
    %load/vec4 v0x564df66d60d0_0;
    %store/vec4 v0x564df66d61b0_0, 0, 16;
    %jmp T_4.1;
T_4.0 ;
    %load/vec4 v0x564df66d5fd0_0;
    %store/vec4 v0x564df66d61b0_0, 0, 16;
T_4.1 ;
    %jmp T_4;
    .thread T_4, $push;
    .scope S_0x564df66d6400;
T_5 ;
    %wait E_0x564df669c220;
    %load/vec4 v0x564df66d6680_0;
    %load/vec4 v0x564df66d6760_0;
    %sub;
    %store/vec4 v0x564df66d6830_0, 0, 16;
    %jmp T_5;
    .thread T_5, $push;
    .scope S_0x564df669d580;
T_6 ;
    %wait E_0x564df669c520;
    %load/vec4 v0x564df66d3660_0;
    %assign/vec4 v0x564df66d3740_0, 0;
    %jmp T_6;
    .thread T_6;
    .scope S_0x564df669d580;
T_7 ;
    %wait E_0x564df669c8b0;
    %load/vec4 v0x564df66d3740_0;
    %dup/vec4;
    %pushi/vec4 0, 0, 3;
    %cmp/u;
    %jmp/1 T_7.0, 6;
    %dup/vec4;
    %pushi/vec4 1, 0, 3;
    %cmp/u;
    %jmp/1 T_7.1, 6;
    %dup/vec4;
    %pushi/vec4 2, 0, 3;
    %cmp/u;
    %jmp/1 T_7.2, 6;
    %dup/vec4;
    %pushi/vec4 3, 0, 3;
    %cmp/u;
    %jmp/1 T_7.3, 6;
    %dup/vec4;
    %pushi/vec4 4, 0, 3;
    %cmp/u;
    %jmp/1 T_7.4, 6;
    %dup/vec4;
    %pushi/vec4 5, 0, 3;
    %cmp/u;
    %jmp/1 T_7.5, 6;
    %pushi/vec4 0, 0, 3;
    %store/vec4 v0x564df66d3660_0, 0, 3;
    %pushi/vec4 0, 0, 1;
    %store/vec4 v0x564df66d3820_0, 0, 1;
    %pushi/vec4 0, 0, 1;
    %store/vec4 v0x564df66d38e0_0, 0, 1;
    %pushi/vec4 0, 0, 1;
    %store/vec4 v0x564df66d39a0_0, 0, 1;
    %pushi/vec4 0, 0, 1;
    %store/vec4 v0x564df66932d0_0, 0, 1;
    %pushi/vec4 0, 0, 1;
    %store/vec4 v0x564df6692cb0_0, 0, 1;
    %pushi/vec4 0, 0, 1;
    %store/vec4 v0x564df66d3310_0, 0, 1;
    %jmp T_7.7;
T_7.0 ;
    %delay 2, 0;
    %load/vec4 v0x564df66d3a60_0;
    %flag_set/vec4 8;
    %jmp/0xz  T_7.8, 8;
    %pushi/vec4 1, 0, 3;
    %store/vec4 v0x564df66d3660_0, 0, 3;
    %pushi/vec4 1, 0, 1;
    %store/vec4 v0x564df66932d0_0, 0, 1;
T_7.8 ;
    %jmp T_7.7;
T_7.1 ;
    %delay 2, 0;
    %pushi/vec4 2, 0, 3;
    %store/vec4 v0x564df66d3660_0, 0, 3;
    %pushi/vec4 0, 0, 1;
    %store/vec4 v0x564df66932d0_0, 0, 1;
    %pushi/vec4 1, 0, 1;
    %store/vec4 v0x564df6692cb0_0, 0, 1;
    %jmp T_7.7;
T_7.2 ;
    %delay 2, 0;
    %load/vec4 v0x564df66d35a0_0;
    %flag_set/vec4 8;
    %jmp/0xz  T_7.10, 8;
    %pushi/vec4 3, 0, 3;
    %store/vec4 v0x564df66d3660_0, 0, 3;
    %pushi/vec4 1, 0, 1;
    %store/vec4 v0x564df66d3820_0, 0, 1;
    %pushi/vec4 0, 0, 1;
    %store/vec4 v0x564df66d38e0_0, 0, 1;
    %pushi/vec4 1, 0, 1;
    %store/vec4 v0x564df66d39a0_0, 0, 1;
    %jmp T_7.11;
T_7.10 ;
    %load/vec4 v0x564df66d34e0_0;
    %flag_set/vec4 8;
    %jmp/0xz  T_7.12, 8;
    %pushi/vec4 4, 0, 3;
    %store/vec4 v0x564df66d3660_0, 0, 3;
    %pushi/vec4 0, 0, 1;
    %store/vec4 v0x564df66d3820_0, 0, 1;
    %pushi/vec4 1, 0, 1;
    %store/vec4 v0x564df66d38e0_0, 0, 1;
    %pushi/vec4 1, 0, 1;
    %store/vec4 v0x564df66932d0_0, 0, 1;
    %pushi/vec4 0, 0, 1;
    %store/vec4 v0x564df6692cb0_0, 0, 1;
    %jmp T_7.13;
T_7.12 ;
    %pushi/vec4 5, 0, 3;
    %store/vec4 v0x564df66d3660_0, 0, 3;
    %pushi/vec4 1, 0, 1;
    %store/vec4 v0x564df66d3310_0, 0, 1;
    %pushi/vec4 0, 0, 1;
    %store/vec4 v0x564df66932d0_0, 0, 1;
    %pushi/vec4 0, 0, 1;
    %store/vec4 v0x564df6692cb0_0, 0, 1;
T_7.13 ;
T_7.11 ;
    %jmp T_7.7;
T_7.3 ;
    %delay 2, 0;
    %load/vec4 v0x564df66d34e0_0;
    %flag_set/vec4 8;
    %jmp/0xz  T_7.14, 8;
    %pushi/vec4 4, 0, 3;
    %store/vec4 v0x564df66d3660_0, 0, 3;
    %pushi/vec4 0, 0, 1;
    %store/vec4 v0x564df66d3820_0, 0, 1;
    %pushi/vec4 1, 0, 1;
    %store/vec4 v0x564df66d38e0_0, 0, 1;
    %pushi/vec4 1, 0, 1;
    %store/vec4 v0x564df66932d0_0, 0, 1;
    %pushi/vec4 0, 0, 1;
    %store/vec4 v0x564df6692cb0_0, 0, 1;
    %jmp T_7.15;
T_7.14 ;
    %load/vec4 v0x564df66d33d0_0;
    %flag_set/vec4 8;
    %jmp/0xz  T_7.16, 8;
    %pushi/vec4 5, 0, 3;
    %store/vec4 v0x564df66d3660_0, 0, 3;
    %pushi/vec4 1, 0, 1;
    %store/vec4 v0x564df66d3310_0, 0, 1;
    %pushi/vec4 0, 0, 1;
    %store/vec4 v0x564df66932d0_0, 0, 1;
    %pushi/vec4 0, 0, 1;
    %store/vec4 v0x564df6692cb0_0, 0, 1;
T_7.16 ;
T_7.15 ;
    %jmp T_7.7;
T_7.4 ;
    %delay 2, 0;
    %load/vec4 v0x564df66d35a0_0;
    %flag_set/vec4 8;
    %jmp/0xz  T_7.18, 8;
    %pushi/vec4 3, 0, 3;
    %store/vec4 v0x564df66d3660_0, 0, 3;
    %pushi/vec4 1, 0, 1;
    %store/vec4 v0x564df66d3820_0, 0, 1;
    %pushi/vec4 0, 0, 1;
    %store/vec4 v0x564df66d38e0_0, 0, 1;
    %pushi/vec4 0, 0, 1;
    %store/vec4 v0x564df66932d0_0, 0, 1;
    %pushi/vec4 1, 0, 1;
    %store/vec4 v0x564df6692cb0_0, 0, 1;
    %jmp T_7.19;
T_7.18 ;
    %load/vec4 v0x564df66d33d0_0;
    %flag_set/vec4 8;
    %jmp/0xz  T_7.20, 8;
    %pushi/vec4 5, 0, 3;
    %store/vec4 v0x564df66d3660_0, 0, 3;
    %pushi/vec4 1, 0, 1;
    %store/vec4 v0x564df66d3310_0, 0, 1;
    %pushi/vec4 0, 0, 1;
    %store/vec4 v0x564df66932d0_0, 0, 1;
    %pushi/vec4 0, 0, 1;
    %store/vec4 v0x564df6692cb0_0, 0, 1;
T_7.20 ;
T_7.19 ;
    %jmp T_7.7;
T_7.5 ;
    %pushi/vec4 5, 0, 3;
    %store/vec4 v0x564df66d3660_0, 0, 3;
    %jmp T_7.7;
T_7.7 ;
    %pop/vec4 1;
    %jmp T_7;
    .thread T_7, $push;
    .scope S_0x564df669d400;
T_8 ;
    %pushi/vec4 0, 0, 1;
    %store/vec4 v0x564df66d79d0_0, 0, 1;
    %delay 3, 0;
    %pushi/vec4 1, 0, 1;
    %store/vec4 v0x564df66d8050_0, 0, 1;
    %delay 1000, 0;
    %vpi_call 2 11 "$finish" {0 0 0};
    %end;
    .thread T_8;
    .scope S_0x564df669d400;
T_9 ;
    %delay 5, 0;
    %load/vec4 v0x564df66d79d0_0;
    %inv;
    %store/vec4 v0x564df66d79d0_0, 0, 1;
    %jmp T_9;
    .thread T_9;
    .scope S_0x564df669d400;
T_10 ;
    %vpi_call 2 17 "$dumpfile", "GCD_Calculator.vcd" {0 0 0};
    %vpi_call 2 18 "$dumpvars", 32'sb00000000000000000000000000000000, S_0x564df669d400 {0 0 0};
    %vpi_call 2 19 "$monitor", $time, " A = %d, B = %d, done = %b", v0x564df66d6970_0, v0x564df66d6a30_0, v0x564df66d7b10_0 {0 0 0};
    %delay 12, 0;
    %pushi/vec4 39, 0, 16;
    %store/vec4 v0x564df66d7a70_0, 0, 16;
    %delay 10, 0;
    %pushi/vec4 143, 0, 16;
    %store/vec4 v0x564df66d7a70_0, 0, 16;
    %end;
    .thread T_10;
# The file index is used to find the file name in the following table.
:file_names 9;
    "N/A";
    "<interactive>";
    "GCD_Calculator_test_bench.v";
    "GCD_Calculator_Controller.v";
    "GCD_Calculator_Datapath.v";
    "GCD_Calculator_Register.v";
    "GCD_Calculator_Comparator.v";
    "GCD_Calculator_MUX.v";
    "GCD_Calculator_Subtractor.v";
