#! /usr/bin/vvp
:ivl_version "10.3 (stable)";
:ivl_delay_selection "TYPICAL";
:vpi_time_precision + 0;
:vpi_module "system";
:vpi_module "vhdl_sys";
:vpi_module "v2005_math";
:vpi_module "va_math";
S_0x55fc8cd0ac20 .scope module, "SequenceDetector_tb" "SequenceDetector_tb" 2 1;
 .timescale 0 0;
v0x55fc8cd250a0_0 .var "clk", 0 0;
v0x55fc8cd25190_0 .var "in_seq", 0 0;
v0x55fc8cd25260_0 .net "out_seq", 0 0, v0x55fc8cd24e50_0;  1 drivers
v0x55fc8cd25360_0 .var "rst", 0 0;
S_0x55fc8cd0ada0 .scope module, "dut" "SequenceDetector" 2 4, 3 2 0, S_0x55fc8cd0ac20;
 .timescale 0 0;
    .port_info 0 /INPUT 1 "clk"
    .port_info 1 /INPUT 1 "rst"
    .port_info 2 /INPUT 1 "in_seq"
    .port_info 3 /OUTPUT 1 "out_seq"
P_0x55fc8ccd0030 .param/l "S0" 0 3 5, +C4<00000000000000000000000000000000>;
P_0x55fc8ccd0070 .param/l "S1" 0 3 5, +C4<00000000000000000000000000000001>;
P_0x55fc8ccd00b0 .param/l "S2" 0 3 5, +C4<00000000000000000000000000000010>;
P_0x55fc8ccd00f0 .param/l "S3" 0 3 5, +C4<00000000000000000000000000000011>;
P_0x55fc8ccd0130 .param/l "S4" 0 3 5, +C4<00000000000000000000000000000100>;
P_0x55fc8ccd0170 .param/l "S5" 0 3 5, +C4<00000000000000000000000000000101>;
v0x55fc8ccf9000_0 .var "NS", 0 2;
v0x55fc8cd24be0_0 .var "PS", 0 2;
v0x55fc8cd24cc0_0 .net "clk", 0 0, v0x55fc8cd250a0_0;  1 drivers
v0x55fc8cd24d90_0 .net "in_seq", 0 0, v0x55fc8cd25190_0;  1 drivers
v0x55fc8cd24e50_0 .var "out_seq", 0 0;
v0x55fc8cd24f60_0 .net "rst", 0 0, v0x55fc8cd25360_0;  1 drivers
E_0x55fc8cd05ec0 .event edge, v0x55fc8cd24d90_0, v0x55fc8cd24be0_0;
E_0x55fc8ccd0a00 .event posedge, v0x55fc8cd24f60_0, v0x55fc8cd24cc0_0;
    .scope S_0x55fc8cd0ada0;
T_0 ;
    %wait E_0x55fc8ccd0a00;
    %load/vec4 v0x55fc8cd24f60_0;
    %flag_set/vec4 8;
    %jmp/0xz  T_0.0, 8;
    %pushi/vec4 0, 0, 3;
    %assign/vec4 v0x55fc8cd24be0_0, 0;
    %jmp T_0.1;
T_0.0 ;
    %load/vec4 v0x55fc8ccf9000_0;
    %assign/vec4 v0x55fc8cd24be0_0, 0;
T_0.1 ;
    %jmp T_0;
    .thread T_0;
    .scope S_0x55fc8cd0ada0;
T_1 ;
    %wait E_0x55fc8cd05ec0;
    %load/vec4 v0x55fc8cd24be0_0;
    %dup/vec4;
    %pushi/vec4 0, 0, 3;
    %cmp/u;
    %jmp/1 T_1.0, 6;
    %dup/vec4;
    %pushi/vec4 1, 0, 3;
    %cmp/u;
    %jmp/1 T_1.1, 6;
    %dup/vec4;
    %pushi/vec4 2, 0, 3;
    %cmp/u;
    %jmp/1 T_1.2, 6;
    %dup/vec4;
    %pushi/vec4 3, 0, 3;
    %cmp/u;
    %jmp/1 T_1.3, 6;
    %dup/vec4;
    %pushi/vec4 4, 0, 3;
    %cmp/u;
    %jmp/1 T_1.4, 6;
    %dup/vec4;
    %pushi/vec4 5, 0, 3;
    %cmp/u;
    %jmp/1 T_1.5, 6;
    %pushi/vec4 0, 0, 3;
    %store/vec4 v0x55fc8ccf9000_0, 0, 3;
    %pushi/vec4 0, 0, 1;
    %store/vec4 v0x55fc8cd24e50_0, 0, 1;
    %jmp T_1.7;
T_1.0 ;
    %load/vec4 v0x55fc8cd24d90_0;
    %flag_set/vec4 8;
    %jmp/0 T_1.8, 8;
    %pushi/vec4 1, 0, 32;
    %jmp/1 T_1.9, 8;
T_1.8 ; End of true expr.
    %pushi/vec4 0, 0, 32;
    %jmp/0 T_1.9, 8;
 ; End of false expr.
    %blend;
T_1.9;
    %pad/s 3;
    %store/vec4 v0x55fc8ccf9000_0, 0, 3;
    %pushi/vec4 0, 0, 1;
    %store/vec4 v0x55fc8cd24e50_0, 0, 1;
    %jmp T_1.7;
T_1.1 ;
    %load/vec4 v0x55fc8cd24d90_0;
    %flag_set/vec4 8;
    %jmp/0 T_1.10, 8;
    %pushi/vec4 1, 0, 32;
    %jmp/1 T_1.11, 8;
T_1.10 ; End of true expr.
    %pushi/vec4 2, 0, 32;
    %jmp/0 T_1.11, 8;
 ; End of false expr.
    %blend;
T_1.11;
    %pad/s 3;
    %store/vec4 v0x55fc8ccf9000_0, 0, 3;
    %pushi/vec4 0, 0, 1;
    %store/vec4 v0x55fc8cd24e50_0, 0, 1;
    %jmp T_1.7;
T_1.2 ;
    %load/vec4 v0x55fc8cd24d90_0;
    %flag_set/vec4 8;
    %jmp/0 T_1.12, 8;
    %pushi/vec4 3, 0, 32;
    %jmp/1 T_1.13, 8;
T_1.12 ; End of true expr.
    %pushi/vec4 0, 0, 32;
    %jmp/0 T_1.13, 8;
 ; End of false expr.
    %blend;
T_1.13;
    %pad/s 3;
    %store/vec4 v0x55fc8ccf9000_0, 0, 3;
    %pushi/vec4 0, 0, 1;
    %store/vec4 v0x55fc8cd24e50_0, 0, 1;
    %jmp T_1.7;
T_1.3 ;
    %load/vec4 v0x55fc8cd24d90_0;
    %flag_set/vec4 8;
    %jmp/0 T_1.14, 8;
    %pushi/vec4 1, 0, 32;
    %jmp/1 T_1.15, 8;
T_1.14 ; End of true expr.
    %pushi/vec4 4, 0, 32;
    %jmp/0 T_1.15, 8;
 ; End of false expr.
    %blend;
T_1.15;
    %pad/s 3;
    %store/vec4 v0x55fc8ccf9000_0, 0, 3;
    %pushi/vec4 0, 0, 1;
    %store/vec4 v0x55fc8cd24e50_0, 0, 1;
    %jmp T_1.7;
T_1.4 ;
    %load/vec4 v0x55fc8cd24d90_0;
    %flag_set/vec4 8;
    %jmp/0 T_1.16, 8;
    %pushi/vec4 5, 0, 32;
    %jmp/1 T_1.17, 8;
T_1.16 ; End of true expr.
    %pushi/vec4 0, 0, 32;
    %jmp/0 T_1.17, 8;
 ; End of false expr.
    %blend;
T_1.17;
    %pad/s 3;
    %store/vec4 v0x55fc8ccf9000_0, 0, 3;
    %pushi/vec4 0, 0, 1;
    %store/vec4 v0x55fc8cd24e50_0, 0, 1;
    %jmp T_1.7;
T_1.5 ;
    %load/vec4 v0x55fc8cd24d90_0;
    %flag_set/vec4 8;
    %jmp/0 T_1.18, 8;
    %pushi/vec4 1, 0, 32;
    %jmp/1 T_1.19, 8;
T_1.18 ; End of true expr.
    %pushi/vec4 4, 0, 32;
    %jmp/0 T_1.19, 8;
 ; End of false expr.
    %blend;
T_1.19;
    %pad/s 3;
    %store/vec4 v0x55fc8ccf9000_0, 0, 3;
    %load/vec4 v0x55fc8cd24d90_0;
    %flag_set/vec4 8;
    %jmp/0 T_1.20, 8;
    %pushi/vec4 0, 0, 2;
    %jmp/1 T_1.21, 8;
T_1.20 ; End of true expr.
    %pushi/vec4 1, 0, 2;
    %jmp/0 T_1.21, 8;
 ; End of false expr.
    %blend;
T_1.21;
    %pad/s 1;
    %store/vec4 v0x55fc8cd24e50_0, 0, 1;
    %jmp T_1.7;
T_1.7 ;
    %pop/vec4 1;
    %jmp T_1;
    .thread T_1, $push;
    .scope S_0x55fc8cd0ac20;
T_2 ;
    %pushi/vec4 0, 0, 1;
    %store/vec4 v0x55fc8cd250a0_0, 0, 1;
    %pushi/vec4 1, 0, 1;
    %store/vec4 v0x55fc8cd25360_0, 0, 1;
    %delay 10, 0;
    %pushi/vec4 0, 0, 1;
    %store/vec4 v0x55fc8cd25360_0, 0, 1;
    %end;
    .thread T_2;
    .scope S_0x55fc8cd0ac20;
T_3 ;
    %delay 5, 0;
    %load/vec4 v0x55fc8cd250a0_0;
    %inv;
    %store/vec4 v0x55fc8cd250a0_0, 0, 1;
    %jmp T_3;
    .thread T_3;
    .scope S_0x55fc8cd0ac20;
T_4 ;
    %vpi_call 2 15 "$dumpfile", "SequenceDetector.vcd" {0 0 0};
    %vpi_call 2 16 "$dumpvars", 32'sb00000000000000000000000000000000, S_0x55fc8cd0ac20 {0 0 0};
    %delay 2, 0;
    %pushi/vec4 0, 0, 1;
    %store/vec4 v0x55fc8cd25190_0, 0, 1;
    %delay 10, 0;
    %pushi/vec4 1, 0, 1;
    %store/vec4 v0x55fc8cd25190_0, 0, 1;
    %delay 10, 0;
    %pushi/vec4 0, 0, 1;
    %store/vec4 v0x55fc8cd25190_0, 0, 1;
    %delay 10, 0;
    %pushi/vec4 1, 0, 1;
    %store/vec4 v0x55fc8cd25190_0, 0, 1;
    %delay 10, 0;
    %pushi/vec4 0, 0, 1;
    %store/vec4 v0x55fc8cd25190_0, 0, 1;
    %delay 10, 0;
    %pushi/vec4 1, 0, 1;
    %store/vec4 v0x55fc8cd25190_0, 0, 1;
    %delay 10, 0;
    %pushi/vec4 0, 0, 1;
    %store/vec4 v0x55fc8cd25190_0, 0, 1;
    %delay 10, 0;
    %pushi/vec4 1, 0, 1;
    %store/vec4 v0x55fc8cd25190_0, 0, 1;
    %delay 10, 0;
    %pushi/vec4 0, 0, 1;
    %store/vec4 v0x55fc8cd25190_0, 0, 1;
    %delay 10, 0;
    %pushi/vec4 1, 0, 1;
    %store/vec4 v0x55fc8cd25190_0, 0, 1;
    %delay 10, 0;
    %pushi/vec4 0, 0, 1;
    %store/vec4 v0x55fc8cd25190_0, 0, 1;
    %delay 10, 0;
    %pushi/vec4 1, 0, 1;
    %store/vec4 v0x55fc8cd25190_0, 0, 1;
    %delay 10, 0;
    %pushi/vec4 0, 0, 1;
    %store/vec4 v0x55fc8cd25190_0, 0, 1;
    %delay 10, 0;
    %pushi/vec4 1, 0, 1;
    %store/vec4 v0x55fc8cd25190_0, 0, 1;
    %delay 10, 0;
    %pushi/vec4 0, 0, 1;
    %store/vec4 v0x55fc8cd25190_0, 0, 1;
    %delay 10, 0;
    %pushi/vec4 1, 0, 1;
    %store/vec4 v0x55fc8cd25190_0, 0, 1;
    %delay 10, 0;
    %pushi/vec4 0, 0, 1;
    %store/vec4 v0x55fc8cd25190_0, 0, 1;
    %delay 10, 0;
    %pushi/vec4 1, 0, 1;
    %store/vec4 v0x55fc8cd25190_0, 0, 1;
    %delay 10, 0;
    %pushi/vec4 1, 0, 1;
    %store/vec4 v0x55fc8cd25190_0, 0, 1;
    %delay 10, 0;
    %pushi/vec4 1, 0, 1;
    %store/vec4 v0x55fc8cd25190_0, 0, 1;
    %delay 10, 0;
    %pushi/vec4 0, 0, 1;
    %store/vec4 v0x55fc8cd25190_0, 0, 1;
    %delay 10, 0;
    %pushi/vec4 1, 0, 1;
    %store/vec4 v0x55fc8cd25190_0, 0, 1;
    %delay 10, 0;
    %pushi/vec4 0, 0, 1;
    %store/vec4 v0x55fc8cd25190_0, 0, 1;
    %delay 10, 0;
    %pushi/vec4 1, 0, 1;
    %store/vec4 v0x55fc8cd25190_0, 0, 1;
    %delay 10, 0;
    %pushi/vec4 0, 0, 1;
    %store/vec4 v0x55fc8cd25190_0, 0, 1;
    %delay 10, 0;
    %pushi/vec4 0, 0, 1;
    %store/vec4 v0x55fc8cd25190_0, 0, 1;
    %delay 10, 0;
    %vpi_call 2 23 "$finish" {0 0 0};
    %end;
    .thread T_4;
# The file index is used to find the file name in the following table.
:file_names 4;
    "N/A";
    "<interactive>";
    "SequenceDetector_tb.v";
    "SequenceDetector.v";
