#! /usr/bin/vvp
:ivl_version "10.3 (stable)";
:ivl_delay_selection "TYPICAL";
:vpi_time_precision + 0;
:vpi_module "system";
:vpi_module "vhdl_sys";
:vpi_module "v2005_math";
:vpi_module "va_math";
S_0x55e6e10dcbc0 .scope module, "SerialAdder_tb" "SerialAdder_tb" 2 1;
 .timescale 0 0;
v0x55e6e10f3c10_0 .var "clk", 0 0;
v0x55e6e10f3cd0_0 .var "in_seq1", 0 0;
v0x55e6e10f3da0_0 .var "in_seq2", 0 0;
v0x55e6e10f3ea0_0 .net "out_seq", 0 0, v0x55e6e10f39f0_0;  1 drivers
v0x55e6e10f3f70_0 .var "rst", 0 0;
S_0x55e6e10dcd40 .scope module, "dut" "SerialAdder" 2 4, 3 1 0, S_0x55e6e10dcbc0;
 .timescale 0 0;
    .port_info 0 /INPUT 1 "clk"
    .port_info 1 /INPUT 1 "rst"
    .port_info 2 /INPUT 1 "in_seq1"
    .port_info 3 /INPUT 1 "in_seq2"
    .port_info 4 /OUTPUT 1 "out_seq"
P_0x55e6e10b7400 .param/l "ONE" 0 3 4, +C4<00000000000000000000000000000001>;
P_0x55e6e10b7440 .param/l "ZERO" 0 3 4, +C4<00000000000000000000000000000000>;
v0x55e6e10a41d0_0 .net "clk", 0 0, v0x55e6e10f3c10_0;  1 drivers
v0x55e6e10f3690_0 .var "curr_carry", 0 0;
v0x55e6e10f3750_0 .net "in_seq1", 0 0, v0x55e6e10f3cd0_0;  1 drivers
v0x55e6e10f3820_0 .net "in_seq2", 0 0, v0x55e6e10f3da0_0;  1 drivers
v0x55e6e10f38e0_0 .var "next_carry", 0 0;
v0x55e6e10f39f0_0 .var "out_seq", 0 0;
v0x55e6e10f3ab0_0 .net "rst", 0 0, v0x55e6e10f3f70_0;  1 drivers
E_0x55e6e10d9610 .event edge, v0x55e6e10f3820_0, v0x55e6e10f3750_0, v0x55e6e10f3690_0;
E_0x55e6e10d9720 .event posedge, v0x55e6e10f3ab0_0, v0x55e6e10a41d0_0;
    .scope S_0x55e6e10dcd40;
T_0 ;
    %wait E_0x55e6e10d9720;
    %load/vec4 v0x55e6e10f3ab0_0;
    %flag_set/vec4 8;
    %jmp/0xz  T_0.0, 8;
    %pushi/vec4 0, 0, 1;
    %assign/vec4 v0x55e6e10f3690_0, 0;
    %jmp T_0.1;
T_0.0 ;
    %load/vec4 v0x55e6e10f38e0_0;
    %assign/vec4 v0x55e6e10f3690_0, 0;
T_0.1 ;
    %jmp T_0;
    .thread T_0;
    .scope S_0x55e6e10dcd40;
T_1 ;
    %wait E_0x55e6e10d9610;
    %load/vec4 v0x55e6e10f3690_0;
    %dup/vec4;
    %pushi/vec4 0, 0, 1;
    %cmp/u;
    %jmp/1 T_1.0, 6;
    %dup/vec4;
    %pushi/vec4 1, 0, 1;
    %cmp/u;
    %jmp/1 T_1.1, 6;
    %pushi/vec4 0, 0, 1;
    %store/vec4 v0x55e6e10f38e0_0, 0, 1;
    %pushi/vec4 0, 0, 1;
    %store/vec4 v0x55e6e10f39f0_0, 0, 1;
    %jmp T_1.3;
T_1.0 ;
    %load/vec4 v0x55e6e10f3750_0;
    %load/vec4 v0x55e6e10f3820_0;
    %and;
    %flag_set/vec4 8;
    %jmp/0 T_1.4, 8;
    %pushi/vec4 1, 0, 2;
    %jmp/1 T_1.5, 8;
T_1.4 ; End of true expr.
    %pushi/vec4 0, 0, 2;
    %jmp/0 T_1.5, 8;
 ; End of false expr.
    %blend;
T_1.5;
    %pad/s 1;
    %store/vec4 v0x55e6e10f38e0_0, 0, 1;
    %load/vec4 v0x55e6e10f3750_0;
    %load/vec4 v0x55e6e10f3820_0;
    %xor;
    %flag_set/vec4 8;
    %jmp/0 T_1.6, 8;
    %pushi/vec4 1, 0, 2;
    %jmp/1 T_1.7, 8;
T_1.6 ; End of true expr.
    %pushi/vec4 0, 0, 2;
    %jmp/0 T_1.7, 8;
 ; End of false expr.
    %blend;
T_1.7;
    %pad/s 1;
    %store/vec4 v0x55e6e10f39f0_0, 0, 1;
    %jmp T_1.3;
T_1.1 ;
    %load/vec4 v0x55e6e10f3750_0;
    %load/vec4 v0x55e6e10f3820_0;
    %or;
    %flag_set/vec4 8;
    %jmp/0 T_1.8, 8;
    %pushi/vec4 1, 0, 2;
    %jmp/1 T_1.9, 8;
T_1.8 ; End of true expr.
    %pushi/vec4 0, 0, 2;
    %jmp/0 T_1.9, 8;
 ; End of false expr.
    %blend;
T_1.9;
    %pad/s 1;
    %store/vec4 v0x55e6e10f38e0_0, 0, 1;
    %load/vec4 v0x55e6e10f3750_0;
    %load/vec4 v0x55e6e10f3820_0;
    %xor;
    %flag_set/vec4 8;
    %jmp/0 T_1.10, 8;
    %pushi/vec4 0, 0, 2;
    %jmp/1 T_1.11, 8;
T_1.10 ; End of true expr.
    %pushi/vec4 1, 0, 2;
    %jmp/0 T_1.11, 8;
 ; End of false expr.
    %blend;
T_1.11;
    %pad/s 1;
    %store/vec4 v0x55e6e10f39f0_0, 0, 1;
    %jmp T_1.3;
T_1.3 ;
    %pop/vec4 1;
    %jmp T_1;
    .thread T_1, $push;
    .scope S_0x55e6e10dcbc0;
T_2 ;
    %pushi/vec4 0, 0, 1;
    %store/vec4 v0x55e6e10f3c10_0, 0, 1;
    %pushi/vec4 1, 0, 1;
    %store/vec4 v0x55e6e10f3f70_0, 0, 1;
    %delay 7, 0;
    %pushi/vec4 0, 0, 1;
    %store/vec4 v0x55e6e10f3f70_0, 0, 1;
    %end;
    .thread T_2;
    .scope S_0x55e6e10dcbc0;
T_3 ;
    %delay 5, 0;
    %load/vec4 v0x55e6e10f3c10_0;
    %inv;
    %store/vec4 v0x55e6e10f3c10_0, 0, 1;
    %jmp T_3;
    .thread T_3;
    .scope S_0x55e6e10dcbc0;
T_4 ;
    %vpi_call 2 15 "$dumpfile", "SerialAdder.vcd" {0 0 0};
    %vpi_call 2 16 "$dumpvars", 32'sb00000000000000000000000000000000, S_0x55e6e10dcbc0 {0 0 0};
    %delay 2, 0;
    %pushi/vec4 0, 0, 1;
    %store/vec4 v0x55e6e10f3cd0_0, 0, 1;
    %pushi/vec4 0, 0, 1;
    %store/vec4 v0x55e6e10f3da0_0, 0, 1;
    %delay 10, 0;
    %pushi/vec4 1, 0, 1;
    %store/vec4 v0x55e6e10f3cd0_0, 0, 1;
    %pushi/vec4 0, 0, 1;
    %store/vec4 v0x55e6e10f3da0_0, 0, 1;
    %delay 10, 0;
    %pushi/vec4 0, 0, 1;
    %store/vec4 v0x55e6e10f3cd0_0, 0, 1;
    %pushi/vec4 1, 0, 1;
    %store/vec4 v0x55e6e10f3da0_0, 0, 1;
    %delay 10, 0;
    %pushi/vec4 1, 0, 1;
    %store/vec4 v0x55e6e10f3cd0_0, 0, 1;
    %pushi/vec4 1, 0, 1;
    %store/vec4 v0x55e6e10f3da0_0, 0, 1;
    %delay 10, 0;
    %pushi/vec4 0, 0, 1;
    %store/vec4 v0x55e6e10f3cd0_0, 0, 1;
    %pushi/vec4 0, 0, 1;
    %store/vec4 v0x55e6e10f3da0_0, 0, 1;
    %delay 10, 0;
    %pushi/vec4 1, 0, 1;
    %store/vec4 v0x55e6e10f3cd0_0, 0, 1;
    %pushi/vec4 1, 0, 1;
    %store/vec4 v0x55e6e10f3da0_0, 0, 1;
    %delay 10, 0;
    %pushi/vec4 1, 0, 1;
    %store/vec4 v0x55e6e10f3cd0_0, 0, 1;
    %pushi/vec4 1, 0, 1;
    %store/vec4 v0x55e6e10f3da0_0, 0, 1;
    %delay 10, 0;
    %pushi/vec4 0, 0, 1;
    %store/vec4 v0x55e6e10f3cd0_0, 0, 1;
    %pushi/vec4 1, 0, 1;
    %store/vec4 v0x55e6e10f3da0_0, 0, 1;
    %delay 10, 0;
    %pushi/vec4 1, 0, 1;
    %store/vec4 v0x55e6e10f3cd0_0, 0, 1;
    %pushi/vec4 0, 0, 1;
    %store/vec4 v0x55e6e10f3da0_0, 0, 1;
    %delay 10, 0;
    %pushi/vec4 0, 0, 1;
    %store/vec4 v0x55e6e10f3cd0_0, 0, 1;
    %pushi/vec4 0, 0, 1;
    %store/vec4 v0x55e6e10f3da0_0, 0, 1;
    %delay 10, 0;
    %pushi/vec4 0, 0, 1;
    %store/vec4 v0x55e6e10f3cd0_0, 0, 1;
    %pushi/vec4 0, 0, 1;
    %store/vec4 v0x55e6e10f3da0_0, 0, 1;
    %delay 10, 0;
    %vpi_call 2 28 "$finish" {0 0 0};
    %end;
    .thread T_4;
# The file index is used to find the file name in the following table.
:file_names 4;
    "N/A";
    "<interactive>";
    "SerialAdder_tb.v";
    "SerialAdder.v";
