#! /usr/bin/vvp
:ivl_version "10.3 (stable)";
:ivl_delay_selection "TYPICAL";
:vpi_time_precision + 0;
:vpi_module "system";
:vpi_module "vhdl_sys";
:vpi_module "v2005_math";
:vpi_module "va_math";
S_0x55c365f61250 .scope module, "multiplier_test_bench" "multiplier_test_bench" 2 2;
 .timescale 0 0;
v0x55c365f99a70_0 .var "clk", 0 0;
v0x55c365f99b30_0 .net "clrP", 0 0, v0x55c365f58e50_0;  1 drivers
v0x55c365f99bf0_0 .var "data_in", 15 0;
v0x55c365f99c90_0 .net "decB", 0 0, v0x55c365f585f0_0;  1 drivers
v0x55c365f99d30_0 .net "done", 0 0, v0x55c365f609c0_0;  1 drivers
v0x55c365f99dd0_0 .net "eqz", 0 0, L_0x55c365faa1f0;  1 drivers
v0x55c365f99e70_0 .net "ldA", 0 0, v0x55c365f964d0_0;  1 drivers
v0x55c365f99f10_0 .net "ldB", 0 0, v0x55c365f96590_0;  1 drivers
v0x55c365f99fb0_0 .net "ldP", 0 0, v0x55c365f96650_0;  1 drivers
v0x55c365f9a050_0 .var "start", 0 0;
S_0x55c365f64d40 .scope module, "controller" "multiplier_controller" 2 8, 3 2 0, S_0x55c365f61250;
 .timescale 0 0;
    .port_info 0 /OUTPUT 1 "done"
    .port_info 1 /OUTPUT 1 "ldA"
    .port_info 2 /OUTPUT 1 "ldB"
    .port_info 3 /OUTPUT 1 "decB"
    .port_info 4 /OUTPUT 1 "ldP"
    .port_info 5 /OUTPUT 1 "clrP"
    .port_info 6 /INPUT 1 "clk"
    .port_info 7 /INPUT 1 "start"
    .port_info 8 /INPUT 1 "eqz"
P_0x55c365f64ec0 .param/l "S0" 0 3 5, +C4<00000000000000000000000000000000>;
P_0x55c365f64f00 .param/l "S1" 0 3 5, +C4<00000000000000000000000000000001>;
P_0x55c365f64f40 .param/l "S2" 0 3 5, +C4<00000000000000000000000000000010>;
P_0x55c365f64f80 .param/l "S3" 0 3 5, +C4<00000000000000000000000000000011>;
P_0x55c365f64fc0 .param/l "S4" 0 3 5, +C4<00000000000000000000000000000100>;
v0x55c365f59630_0 .net "clk", 0 0, v0x55c365f99a70_0;  1 drivers
v0x55c365f58e50_0 .var "clrP", 0 0;
v0x55c365f585f0_0 .var "decB", 0 0;
v0x55c365f609c0_0 .var "done", 0 0;
v0x55c365f60a60_0 .net "eqz", 0 0, L_0x55c365faa1f0;  alias, 1 drivers
v0x55c365f964d0_0 .var "ldA", 0 0;
v0x55c365f96590_0 .var "ldB", 0 0;
v0x55c365f96650_0 .var "ldP", 0 0;
v0x55c365f96710_0 .var "next_state", 0 2;
v0x55c365f967f0_0 .var "present_state", 0 2;
v0x55c365f968d0_0 .net "start", 0 0, v0x55c365f9a050_0;  1 drivers
E_0x55c365f65740 .event edge, v0x55c365f968d0_0, v0x55c365f60a60_0, v0x55c365f967f0_0;
E_0x55c365f2fa80 .event posedge, v0x55c365f59630_0;
S_0x55c365f96ab0 .scope module, "dp" "multiplier_data_path" 2 7, 4 2 0, S_0x55c365f61250;
 .timescale 0 0;
    .port_info 0 /OUTPUT 1 "eqz"
    .port_info 1 /INPUT 16 "data_in"
    .port_info 2 /INPUT 1 "clk"
    .port_info 3 /INPUT 1 "ldA"
    .port_info 4 /INPUT 1 "ldB"
    .port_info 5 /INPUT 1 "decB"
    .port_info 6 /INPUT 1 "ldP"
    .port_info 7 /INPUT 1 "clrP"
L_0x55c365f673b0 .functor BUFZ 16, v0x55c365f99bf0_0, C4<0000000000000000>, C4<0000000000000000>, C4<0000000000000000>;
v0x55c365f98d00_0 .net "Bout", 15 0, v0x55c365f97e60_0;  1 drivers
v0x55c365f98e30_0 .net "Bus", 15 0, L_0x55c365f673b0;  1 drivers
v0x55c365f98f40_0 .net "X", 15 0, v0x55c365f970f0_0;  1 drivers
v0x55c365f99030_0 .net "Y", 15 0, v0x55c365f98ad0_0;  1 drivers
v0x55c365f99140_0 .net "Z", 15 0, v0x55c365f97760_0;  1 drivers
v0x55c365f992a0_0 .net "clk", 0 0, v0x55c365f99a70_0;  alias, 1 drivers
v0x55c365f99340_0 .net "clrP", 0 0, v0x55c365f58e50_0;  alias, 1 drivers
v0x55c365f993e0_0 .net "data_in", 15 0, v0x55c365f99bf0_0;  1 drivers
v0x55c365f994c0_0 .net "decB", 0 0, v0x55c365f585f0_0;  alias, 1 drivers
v0x55c365f99560_0 .net "eqz", 0 0, L_0x55c365faa1f0;  alias, 1 drivers
v0x55c365f99650_0 .net "ldA", 0 0, v0x55c365f964d0_0;  alias, 1 drivers
v0x55c365f99740_0 .net "ldB", 0 0, v0x55c365f96590_0;  alias, 1 drivers
v0x55c365f99830_0 .net "ldP", 0 0, v0x55c365f96650_0;  alias, 1 drivers
S_0x55c365f96d70 .scope module, "A" "pipo1" 4 11, 5 2 0, S_0x55c365f96ab0;
 .timescale 0 0;
    .port_info 0 /OUTPUT 16 "data_out"
    .port_info 1 /INPUT 16 "data_in"
    .port_info 2 /INPUT 1 "load"
    .port_info 3 /INPUT 1 "clk"
v0x55c365f96f40_0 .net "clk", 0 0, v0x55c365f99a70_0;  alias, 1 drivers
v0x55c365f97030_0 .net "data_in", 15 0, L_0x55c365f673b0;  alias, 1 drivers
v0x55c365f970f0_0 .var "data_out", 15 0;
v0x55c365f971e0_0 .net "load", 0 0, v0x55c365f964d0_0;  alias, 1 drivers
S_0x55c365f97340 .scope module, "ADD" "adder16" 4 14, 6 2 0, S_0x55c365f96ab0;
 .timescale 0 0;
    .port_info 0 /OUTPUT 16 "out"
    .port_info 1 /INPUT 16 "in1"
    .port_info 2 /INPUT 16 "in2"
v0x55c365f975c0_0 .net "in1", 15 0, v0x55c365f970f0_0;  alias, 1 drivers
v0x55c365f976a0_0 .net "in2", 15 0, v0x55c365f98ad0_0;  alias, 1 drivers
v0x55c365f97760_0 .var "out", 15 0;
E_0x55c365f2faf0 .event edge, v0x55c365f970f0_0, v0x55c365f976a0_0;
S_0x55c365f978d0 .scope module, "B" "downcounter" 4 12, 7 2 0, S_0x55c365f96ab0;
 .timescale 0 0;
    .port_info 0 /OUTPUT 16 "out"
    .port_info 1 /INPUT 16 "in"
    .port_info 2 /INPUT 1 "load"
    .port_info 3 /INPUT 1 "dec"
    .port_info 4 /INPUT 1 "clk"
v0x55c365f97b00_0 .net "clk", 0 0, v0x55c365f99a70_0;  alias, 1 drivers
v0x55c365f97bf0_0 .net "dec", 0 0, v0x55c365f585f0_0;  alias, 1 drivers
v0x55c365f97c90_0 .net "in", 15 0, L_0x55c365f673b0;  alias, 1 drivers
v0x55c365f97d90_0 .net "load", 0 0, v0x55c365f96590_0;  alias, 1 drivers
v0x55c365f97e60_0 .var "out", 15 0;
S_0x55c365f97fb0 .scope module, "COMP" "comparator16" 4 15, 8 2 0, S_0x55c365f96ab0;
 .timescale 0 0;
    .port_info 0 /OUTPUT 1 "eqz"
    .port_info 1 /INPUT 16 "data_in"
v0x55c365f981a0_0 .net *"_s0", 31 0, L_0x55c365f9a0f0;  1 drivers
L_0x7fbf0cdf3018 .functor BUFT 1, C4<0000000000000000>, C4<0>, C4<0>, C4<0>;
v0x55c365f982a0_0 .net *"_s3", 15 0, L_0x7fbf0cdf3018;  1 drivers
L_0x7fbf0cdf3060 .functor BUFT 1, C4<00000000000000000000000000000000>, C4<0>, C4<0>, C4<0>;
v0x55c365f98380_0 .net/2u *"_s4", 31 0, L_0x7fbf0cdf3060;  1 drivers
v0x55c365f98440_0 .net "data_in", 15 0, v0x55c365f97e60_0;  alias, 1 drivers
v0x55c365f98530_0 .net "eqz", 0 0, L_0x55c365faa1f0;  alias, 1 drivers
L_0x55c365f9a0f0 .concat [ 16 16 0 0], v0x55c365f97e60_0, L_0x7fbf0cdf3018;
L_0x55c365faa1f0 .cmp/eq 32, L_0x55c365f9a0f0, L_0x7fbf0cdf3060;
S_0x55c365f98640 .scope module, "P" "pipo2" 4 13, 9 2 0, S_0x55c365f96ab0;
 .timescale 0 0;
    .port_info 0 /OUTPUT 16 "data_out"
    .port_info 1 /INPUT 16 "data_in"
    .port_info 2 /INPUT 1 "load"
    .port_info 3 /INPUT 1 "clear"
    .port_info 4 /INPUT 1 "clk"
v0x55c365f98860_0 .net "clear", 0 0, v0x55c365f58e50_0;  alias, 1 drivers
v0x55c365f98930_0 .net "clk", 0 0, v0x55c365f99a70_0;  alias, 1 drivers
v0x55c365f989d0_0 .net "data_in", 15 0, v0x55c365f97760_0;  alias, 1 drivers
v0x55c365f98ad0_0 .var "data_out", 15 0;
v0x55c365f98ba0_0 .net "load", 0 0, v0x55c365f96650_0;  alias, 1 drivers
    .scope S_0x55c365f96d70;
T_0 ;
    %wait E_0x55c365f2fa80;
    %load/vec4 v0x55c365f971e0_0;
    %flag_set/vec4 8;
    %jmp/0xz  T_0.0, 8;
    %load/vec4 v0x55c365f97030_0;
    %assign/vec4 v0x55c365f970f0_0, 0;
T_0.0 ;
    %jmp T_0;
    .thread T_0;
    .scope S_0x55c365f978d0;
T_1 ;
    %wait E_0x55c365f2fa80;
    %load/vec4 v0x55c365f97bf0_0;
    %flag_set/vec4 8;
    %jmp/0xz  T_1.0, 8;
    %load/vec4 v0x55c365f97e60_0;
    %subi 1, 0, 16;
    %assign/vec4 v0x55c365f97e60_0, 0;
    %jmp T_1.1;
T_1.0 ;
    %load/vec4 v0x55c365f97d90_0;
    %flag_set/vec4 8;
    %jmp/0xz  T_1.2, 8;
    %load/vec4 v0x55c365f97c90_0;
    %assign/vec4 v0x55c365f97e60_0, 0;
T_1.2 ;
T_1.1 ;
    %jmp T_1;
    .thread T_1;
    .scope S_0x55c365f98640;
T_2 ;
    %wait E_0x55c365f2fa80;
    %load/vec4 v0x55c365f98860_0;
    %flag_set/vec4 8;
    %jmp/0xz  T_2.0, 8;
    %pushi/vec4 0, 0, 16;
    %assign/vec4 v0x55c365f98ad0_0, 0;
    %jmp T_2.1;
T_2.0 ;
    %load/vec4 v0x55c365f98ba0_0;
    %flag_set/vec4 8;
    %jmp/0xz  T_2.2, 8;
    %load/vec4 v0x55c365f989d0_0;
    %assign/vec4 v0x55c365f98ad0_0, 0;
T_2.2 ;
T_2.1 ;
    %jmp T_2;
    .thread T_2;
    .scope S_0x55c365f97340;
T_3 ;
    %wait E_0x55c365f2faf0;
    %load/vec4 v0x55c365f975c0_0;
    %load/vec4 v0x55c365f976a0_0;
    %add;
    %store/vec4 v0x55c365f97760_0, 0, 16;
    %jmp T_3;
    .thread T_3, $push;
    .scope S_0x55c365f64d40;
T_4 ;
    %wait E_0x55c365f2fa80;
    %load/vec4 v0x55c365f96710_0;
    %assign/vec4 v0x55c365f967f0_0, 0;
    %jmp T_4;
    .thread T_4;
    .scope S_0x55c365f64d40;
T_5 ;
    %wait E_0x55c365f65740;
    %load/vec4 v0x55c365f967f0_0;
    %dup/vec4;
    %pushi/vec4 0, 0, 3;
    %cmp/u;
    %jmp/1 T_5.0, 6;
    %dup/vec4;
    %pushi/vec4 1, 0, 3;
    %cmp/u;
    %jmp/1 T_5.1, 6;
    %dup/vec4;
    %pushi/vec4 2, 0, 3;
    %cmp/u;
    %jmp/1 T_5.2, 6;
    %dup/vec4;
    %pushi/vec4 3, 0, 3;
    %cmp/u;
    %jmp/1 T_5.3, 6;
    %dup/vec4;
    %pushi/vec4 4, 0, 3;
    %cmp/u;
    %jmp/1 T_5.4, 6;
    %delay 2, 0;
    %pushi/vec4 0, 0, 3;
    %store/vec4 v0x55c365f96710_0, 0, 3;
    %pushi/vec4 0, 0, 1;
    %store/vec4 v0x55c365f609c0_0, 0, 1;
    %pushi/vec4 0, 0, 1;
    %store/vec4 v0x55c365f964d0_0, 0, 1;
    %pushi/vec4 0, 0, 1;
    %store/vec4 v0x55c365f96590_0, 0, 1;
    %pushi/vec4 0, 0, 1;
    %store/vec4 v0x55c365f585f0_0, 0, 1;
    %pushi/vec4 0, 0, 1;
    %store/vec4 v0x55c365f96650_0, 0, 1;
    %pushi/vec4 0, 0, 1;
    %store/vec4 v0x55c365f58e50_0, 0, 1;
    %jmp T_5.6;
T_5.0 ;
    %delay 2, 0;
    %load/vec4 v0x55c365f968d0_0;
    %flag_set/vec4 8;
    %jmp/0xz  T_5.7, 8;
    %pushi/vec4 1, 0, 3;
    %store/vec4 v0x55c365f96710_0, 0, 3;
    %pushi/vec4 0, 0, 1;
    %store/vec4 v0x55c365f609c0_0, 0, 1;
    %pushi/vec4 1, 0, 1;
    %store/vec4 v0x55c365f964d0_0, 0, 1;
    %pushi/vec4 0, 0, 1;
    %store/vec4 v0x55c365f96590_0, 0, 1;
    %pushi/vec4 0, 0, 1;
    %store/vec4 v0x55c365f585f0_0, 0, 1;
    %pushi/vec4 0, 0, 1;
    %store/vec4 v0x55c365f96650_0, 0, 1;
    %pushi/vec4 0, 0, 1;
    %store/vec4 v0x55c365f58e50_0, 0, 1;
T_5.7 ;
    %jmp T_5.6;
T_5.1 ;
    %delay 2, 0;
    %pushi/vec4 2, 0, 3;
    %store/vec4 v0x55c365f96710_0, 0, 3;
    %pushi/vec4 0, 0, 1;
    %store/vec4 v0x55c365f964d0_0, 0, 1;
    %pushi/vec4 1, 0, 1;
    %store/vec4 v0x55c365f96590_0, 0, 1;
    %pushi/vec4 1, 0, 1;
    %store/vec4 v0x55c365f58e50_0, 0, 1;
    %jmp T_5.6;
T_5.2 ;
    %delay 2, 0;
    %load/vec4 v0x55c365f60a60_0;
    %flag_set/vec4 8;
    %jmp/0xz  T_5.9, 8;
    %pushi/vec4 4, 0, 3;
    %store/vec4 v0x55c365f96710_0, 0, 3;
    %pushi/vec4 1, 0, 1;
    %store/vec4 v0x55c365f609c0_0, 0, 1;
    %pushi/vec4 0, 0, 1;
    %store/vec4 v0x55c365f964d0_0, 0, 1;
    %pushi/vec4 0, 0, 1;
    %store/vec4 v0x55c365f96590_0, 0, 1;
    %pushi/vec4 0, 0, 1;
    %store/vec4 v0x55c365f585f0_0, 0, 1;
    %pushi/vec4 0, 0, 1;
    %store/vec4 v0x55c365f96650_0, 0, 1;
    %pushi/vec4 0, 0, 1;
    %store/vec4 v0x55c365f58e50_0, 0, 1;
    %jmp T_5.10;
T_5.9 ;
    %pushi/vec4 3, 0, 3;
    %store/vec4 v0x55c365f96710_0, 0, 3;
    %pushi/vec4 0, 0, 1;
    %store/vec4 v0x55c365f96590_0, 0, 1;
    %pushi/vec4 1, 0, 1;
    %store/vec4 v0x55c365f585f0_0, 0, 1;
    %pushi/vec4 1, 0, 1;
    %store/vec4 v0x55c365f96650_0, 0, 1;
    %pushi/vec4 0, 0, 1;
    %store/vec4 v0x55c365f58e50_0, 0, 1;
T_5.10 ;
    %jmp T_5.6;
T_5.3 ;
    %delay 2, 0;
    %load/vec4 v0x55c365f60a60_0;
    %flag_set/vec4 8;
    %jmp/0xz  T_5.11, 8;
    %pushi/vec4 4, 0, 3;
    %store/vec4 v0x55c365f96710_0, 0, 3;
    %pushi/vec4 1, 0, 1;
    %store/vec4 v0x55c365f609c0_0, 0, 1;
    %pushi/vec4 0, 0, 1;
    %store/vec4 v0x55c365f964d0_0, 0, 1;
    %pushi/vec4 0, 0, 1;
    %store/vec4 v0x55c365f96590_0, 0, 1;
    %pushi/vec4 0, 0, 1;
    %store/vec4 v0x55c365f585f0_0, 0, 1;
    %pushi/vec4 0, 0, 1;
    %store/vec4 v0x55c365f96650_0, 0, 1;
    %pushi/vec4 0, 0, 1;
    %store/vec4 v0x55c365f58e50_0, 0, 1;
T_5.11 ;
    %jmp T_5.6;
T_5.4 ;
    %delay 2, 0;
    %pushi/vec4 4, 0, 3;
    %store/vec4 v0x55c365f96710_0, 0, 3;
    %pushi/vec4 1, 0, 1;
    %store/vec4 v0x55c365f609c0_0, 0, 1;
    %jmp T_5.6;
T_5.6 ;
    %pop/vec4 1;
    %jmp T_5;
    .thread T_5, $push;
    .scope S_0x55c365f61250;
T_6 ;
    %pushi/vec4 0, 0, 1;
    %store/vec4 v0x55c365f99a70_0, 0, 1;
    %delay 3, 0;
    %pushi/vec4 1, 0, 1;
    %store/vec4 v0x55c365f9a050_0, 0, 1;
    %delay 1000, 0;
    %vpi_call 2 13 "$finish" {0 0 0};
    %end;
    .thread T_6;
    .scope S_0x55c365f61250;
T_7 ;
    %delay 5, 0;
    %load/vec4 v0x55c365f99a70_0;
    %inv;
    %store/vec4 v0x55c365f99a70_0, 0, 1;
    %jmp T_7;
    .thread T_7;
    .scope S_0x55c365f61250;
T_8 ;
    %vpi_call 2 19 "$dumpfile", "UnsignedMultiplier.vcd" {0 0 0};
    %vpi_call 2 20 "$dumpvars", 32'sb00000000000000000000000000000000, S_0x55c365f61250 {0 0 0};
    %vpi_call 2 21 "$monitor", $time, " A = %d, B = %d, Product = %d, done = %b, eqz = %b, Present State = %d", v0x55c365f98f40_0, v0x55c365f98d00_0, v0x55c365f99030_0, v0x55c365f99d30_0, v0x55c365f60a60_0, v0x55c365f967f0_0 {0 0 0};
    %delay 13, 0;
    %pushi/vec4 18, 0, 16;
    %store/vec4 v0x55c365f99bf0_0, 0, 16;
    %delay 10, 0;
    %pushi/vec4 7, 0, 16;
    %store/vec4 v0x55c365f99bf0_0, 0, 16;
    %end;
    .thread T_8;
# The file index is used to find the file name in the following table.
:file_names 10;
    "N/A";
    "<interactive>";
    "UnsignedMultiplier_tb.v";
    "UnsignedMultiplier_Controller.v";
    "UnsignedMultiplierDataPath.v";
    "UnsignedMultiplier_Registerwithoutclear.v";
    "UnsignedMultiplierAdder.v";
    "UnsignedMultiplier_DownCounter.v";
    "UnsignedMultiplierComparator.v";
    "UnsignedMultiplier_Registerwithclear.v";
