#! /usr/bin/vvp
:ivl_version "10.3 (stable)";
:ivl_delay_selection "TYPICAL";
:vpi_time_precision + 0;
:vpi_module "system";
:vpi_module "vhdl_sys";
:vpi_module "v2005_math";
:vpi_module "va_math";
S_0x5623eca300c0 .scope module, "Parity_Detector_tb" "Parity_Detector_tb" 2 1;
 .timescale 0 0;
v0x5623eca44da0_0 .var "clk", 0 0;
v0x5623eca44e70_0 .var "in_seq", 0 0;
v0x5623eca44f40_0 .net "out_seq", 0 0, v0x5623eca44b90_0;  1 drivers
S_0x5623eca30240 .scope module, "dut" "ParityDetector" 2 5, 3 1 0, S_0x5623eca300c0;
 .timescale 0 0;
    .port_info 0 /INPUT 1 "clk"
    .port_info 1 /INPUT 1 "in_seq"
    .port_info 2 /OUTPUT 1 "out_seq"
P_0x5623eca0b490 .param/l "EVEN" 0 3 5, +C4<00000000000000000000000000000000>;
P_0x5623eca0b4d0 .param/l "ODD" 0 3 5, +C4<00000000000000000000000000000001>;
v0x5623ec9f90f0_0 .net "clk", 0 0, v0x5623eca44da0_0;  1 drivers
v0x5623eca44ad0_0 .net "in_seq", 0 0, v0x5623eca44e70_0;  1 drivers
v0x5623eca44b90_0 .var "out_seq", 0 0;
v0x5623eca44c60_0 .var "state", 0 0;
E_0x5623eca307f0 .event edge, v0x5623eca44c60_0;
E_0x5623ec9f98d0 .event posedge, v0x5623ec9f90f0_0;
    .scope S_0x5623eca30240;
T_0 ;
    %wait E_0x5623ec9f98d0;
    %load/vec4 v0x5623eca44c60_0;
    %dup/vec4;
    %pushi/vec4 0, 0, 1;
    %cmp/u;
    %jmp/1 T_0.0, 6;
    %dup/vec4;
    %pushi/vec4 1, 0, 1;
    %cmp/u;
    %jmp/1 T_0.1, 6;
    %pushi/vec4 0, 0, 1;
    %assign/vec4 v0x5623eca44c60_0, 0;
    %jmp T_0.3;
T_0.0 ;
    %load/vec4 v0x5623eca44ad0_0;
    %flag_set/vec4 8;
    %jmp/0 T_0.4, 8;
    %pushi/vec4 1, 0, 32;
    %jmp/1 T_0.5, 8;
T_0.4 ; End of true expr.
    %pushi/vec4 0, 0, 32;
    %jmp/0 T_0.5, 8;
 ; End of false expr.
    %blend;
T_0.5;
    %pad/s 1;
    %assign/vec4 v0x5623eca44c60_0, 0;
    %jmp T_0.3;
T_0.1 ;
    %load/vec4 v0x5623eca44ad0_0;
    %flag_set/vec4 8;
    %jmp/0 T_0.6, 8;
    %pushi/vec4 0, 0, 32;
    %jmp/1 T_0.7, 8;
T_0.6 ; End of true expr.
    %pushi/vec4 1, 0, 32;
    %jmp/0 T_0.7, 8;
 ; End of false expr.
    %blend;
T_0.7;
    %pad/s 1;
    %assign/vec4 v0x5623eca44c60_0, 0;
    %jmp T_0.3;
T_0.3 ;
    %pop/vec4 1;
    %jmp T_0;
    .thread T_0;
    .scope S_0x5623eca30240;
T_1 ;
    %wait E_0x5623eca307f0;
    %load/vec4 v0x5623eca44c60_0;
    %dup/vec4;
    %pushi/vec4 0, 0, 1;
    %cmp/u;
    %jmp/1 T_1.0, 6;
    %dup/vec4;
    %pushi/vec4 1, 0, 1;
    %cmp/u;
    %jmp/1 T_1.1, 6;
    %jmp T_1.2;
T_1.0 ;
    %pushi/vec4 0, 0, 1;
    %store/vec4 v0x5623eca44b90_0, 0, 1;
    %jmp T_1.2;
T_1.1 ;
    %pushi/vec4 1, 0, 1;
    %store/vec4 v0x5623eca44b90_0, 0, 1;
    %jmp T_1.2;
T_1.2 ;
    %pop/vec4 1;
    %jmp T_1;
    .thread T_1, $push;
    .scope S_0x5623eca300c0;
T_2 ;
    %pushi/vec4 0, 0, 1;
    %store/vec4 v0x5623eca44da0_0, 0, 1;
    %end;
    .thread T_2;
    .scope S_0x5623eca300c0;
T_3 ;
    %delay 5, 0;
    %load/vec4 v0x5623eca44da0_0;
    %inv;
    %store/vec4 v0x5623eca44da0_0, 0, 1;
    %jmp T_3;
    .thread T_3;
    .scope S_0x5623eca300c0;
T_4 ;
    %vpi_call 2 10 "$dumpfile", "ParityDetector.vcd" {0 0 0};
    %vpi_call 2 11 "$dumpvars", 32'sb00000000000000000000000000000000, S_0x5623eca300c0 {0 0 0};
    %vpi_call 2 12 "$monitor", $time, ": in_seq = %b, out_seq = %b", v0x5623eca44e70_0, v0x5623eca44f40_0 {0 0 0};
    %delay 2, 0;
    %pushi/vec4 0, 0, 1;
    %store/vec4 v0x5623eca44e70_0, 0, 1;
    %delay 10, 0;
    %pushi/vec4 1, 0, 1;
    %store/vec4 v0x5623eca44e70_0, 0, 1;
    %delay 10, 0;
    %pushi/vec4 1, 0, 1;
    %store/vec4 v0x5623eca44e70_0, 0, 1;
    %delay 10, 0;
    %pushi/vec4 0, 0, 1;
    %store/vec4 v0x5623eca44e70_0, 0, 1;
    %delay 10, 0;
    %pushi/vec4 1, 0, 1;
    %store/vec4 v0x5623eca44e70_0, 0, 1;
    %delay 10, 0;
    %pushi/vec4 1, 0, 1;
    %store/vec4 v0x5623eca44e70_0, 0, 1;
    %delay 10, 0;
    %pushi/vec4 1, 0, 1;
    %store/vec4 v0x5623eca44e70_0, 0, 1;
    %delay 10, 0;
    %pushi/vec4 1, 0, 1;
    %store/vec4 v0x5623eca44e70_0, 0, 1;
    %delay 10, 0;
    %pushi/vec4 0, 0, 1;
    %store/vec4 v0x5623eca44e70_0, 0, 1;
    %delay 10, 0;
    %pushi/vec4 0, 0, 1;
    %store/vec4 v0x5623eca44e70_0, 0, 1;
    %delay 10, 0;
    %pushi/vec4 0, 0, 1;
    %store/vec4 v0x5623eca44e70_0, 0, 1;
    %delay 10, 0;
    %pushi/vec4 1, 0, 1;
    %store/vec4 v0x5623eca44e70_0, 0, 1;
    %delay 10, 0;
    %vpi_call 2 16 "$finish" {0 0 0};
    %end;
    .thread T_4;
# The file index is used to find the file name in the following table.
:file_names 4;
    "N/A";
    "<interactive>";
    "ParityDetector_tb.v";
    "ParityDetector.v";
