#! /usr/bin/vvp
:ivl_version "10.3 (stable)";
:ivl_delay_selection "TYPICAL";
:vpi_time_precision + 0;
:vpi_module "system";
:vpi_module "vhdl_sys";
:vpi_module "v2005_math";
:vpi_module "va_math";
S_0x5609a1083f60 .scope module, "MooreMachine_tb" "MooreMachine_tb" 2 1;
 .timescale 0 0;
v0x5609a1095c80_0 .var *"_s0", 0 0; Local signal
v0x5609a1095d60_0 .var "clk", 0 0;
v0x5609a1095e50_0 .net "out", 0 2, v0x5609a1095a50_0;  1 drivers
S_0x5609a104c030 .scope module, "dut" "MooreMachine" 2 5, 3 1 0, S_0x5609a1083f60;
 .timescale 0 0;
    .port_info 0 /INPUT 1 "clk"
    .port_info 1 /OUTPUT 3 "out"
P_0x5609a104c200 .param/l "GREEN" 0 3 5, C4<010>;
P_0x5609a104c240 .param/l "RED" 0 3 5, C4<100>;
P_0x5609a104c280 .param/l "S0" 0 3 4, +C4<00000000000000000000000000000000>;
P_0x5609a104c2c0 .param/l "S1" 0 3 4, +C4<00000000000000000000000000000001>;
P_0x5609a104c300 .param/l "S2" 0 3 4, +C4<00000000000000000000000000000010>;
P_0x5609a104c340 .param/l "YELLOW" 0 3 5, C4<001>;
v0x5609a1060fc0_0 .net "clk", 0 0, v0x5609a1095d60_0;  1 drivers
v0x5609a1095a50_0 .var "out", 0 2;
v0x5609a1095b30_0 .var "state", 0 2;
E_0x5609a104c7b0 .event posedge, v0x5609a1060fc0_0;
    .scope S_0x5609a104c030;
T_0 ;
    %wait E_0x5609a104c7b0;
    %load/vec4 v0x5609a1095b30_0;
    %dup/vec4;
    %pushi/vec4 0, 0, 3;
    %cmp/u;
    %jmp/1 T_0.0, 6;
    %dup/vec4;
    %pushi/vec4 1, 0, 3;
    %cmp/u;
    %jmp/1 T_0.1, 6;
    %dup/vec4;
    %pushi/vec4 2, 0, 3;
    %cmp/u;
    %jmp/1 T_0.2, 6;
    %pushi/vec4 1, 0, 3;
    %assign/vec4 v0x5609a1095b30_0, 0;
    %pushi/vec4 4, 0, 3;
    %assign/vec4 v0x5609a1095a50_0, 0;
    %jmp T_0.4;
T_0.0 ;
    %pushi/vec4 1, 0, 3;
    %assign/vec4 v0x5609a1095b30_0, 0;
    %pushi/vec4 4, 0, 3;
    %assign/vec4 v0x5609a1095a50_0, 0;
    %jmp T_0.4;
T_0.1 ;
    %pushi/vec4 2, 0, 3;
    %assign/vec4 v0x5609a1095b30_0, 0;
    %pushi/vec4 2, 0, 3;
    %assign/vec4 v0x5609a1095a50_0, 0;
    %jmp T_0.4;
T_0.2 ;
    %pushi/vec4 0, 0, 3;
    %assign/vec4 v0x5609a1095b30_0, 0;
    %pushi/vec4 1, 0, 3;
    %assign/vec4 v0x5609a1095a50_0, 0;
    %jmp T_0.4;
T_0.4 ;
    %pop/vec4 1;
    %jmp T_0;
    .thread T_0;
    .scope S_0x5609a1083f60;
T_1 ;
    %pushi/vec4 0, 0, 1;
    %store/vec4 v0x5609a1095d60_0, 0, 1;
    %end;
    .thread T_1;
    .scope S_0x5609a1083f60;
T_2 ;
    %load/vec4 v0x5609a1095d60_0;
    %inv;
    %store/vec4 v0x5609a1095c80_0, 0, 1;
    %pushi/vec4 5, 0, 64;
    %ix/vec4 4;
    %delayx 4;
    %load/vec4 v0x5609a1095c80_0;
    %store/vec4 v0x5609a1095d60_0, 0, 1;
    %jmp T_2;
    .thread T_2;
    .scope S_0x5609a1083f60;
T_3 ;
    %vpi_call 2 12 "$dumpfile", "MooreMachine.vcd" {0 0 0};
    %vpi_call 2 13 "$dumpvars", 32'sb00000000000000000000000000000000, S_0x5609a1083f60 {0 0 0};
    %vpi_call 2 14 "$monitor", $time, " RGY = %b", v0x5609a1095e50_0 {0 0 0};
    %delay 100, 0;
    %vpi_call 2 15 "$finish" {0 0 0};
    %end;
    .thread T_3;
# The file index is used to find the file name in the following table.
:file_names 4;
    "N/A";
    "<interactive>";
    "MooreMachine_tb.v";
    "MooreMachine.v";
